<?xml version="1.0" encoding="UTF-8"?>
<!-- Generated by org.testng.reporters.JUnitReportReporter -->
<testsuite hostname="LAPTOP-Q1P4S741" failures="0" tests="5" name="RestTests" time="5.865" errors="0" timestamp="2024-04-03T22:02:29 CEST" skipped="0">
  <testcase classname="RestTests" name="verifyCorrectGETRequest" time="4.064"/>
  <system-out/>
  <testcase classname="RestTests" name="verifyPOSTRequest" time="1.073"/>
  <system-out/>
  <testcase classname="RestTests" name="verifyPUTRequest" time="0.219"/>
  <system-out/>
  <testcase classname="RestTests" name="verifyGETDrilldownsParameterRequest" time="0.122"/>
  <system-out/>
  <testcase classname="RestTests" name="verifyGETMeasuresParameterRequest" time="0.387"/>
  <system-out/>
</testsuite> <!-- RestTests -->
